<?xml version="1.0" encoding="UTF-8"?>
<!-- Generated by org.testng.reporters.JUnitReportReporter -->
<testsuite hostname="LAPTOP-TCIJ1939" failures="0" tests="1" name="com.hudl.tests.LoginTest" time="2.738" errors="0" timestamp="2025-09-07T21:23:46 BST" skipped="0">
  <testcase classname="com.hudl.tests.LoginTest" name="openHudlHomePage" time="2.738"/>
</testsuite> <!-- com.hudl.tests.LoginTest -->
