<?xml version="1.0" encoding="UTF-8"?>
<!-- Generated by org.testng.reporters.JUnitReportReporter -->
<testsuite hostname="LAPTOP-TCIJ1939" failures="0" tests="1" name="com.hudl.tests.LoginTest" time="7.833" errors="0" timestamp="2025-09-07T22:50:44 BST" skipped="0">
  <testcase classname="com.hudl.tests.LoginTest" name="testHudlLogin" time="7.833"/>
</testsuite> <!-- com.hudl.tests.LoginTest -->
